<!DOCTYPE html>
<html>
<head>
    <title>DemoBlaze Test Execution Report</title>
    <style>
        body { font-family: Arial, sans-serif; margin: 20px; }
        h1 { color: #333; }
        .summary { background: #f5f5f5; padding: 15px; border-radius: 5px; margin: 20px 0; }
        .passed { color: green; }
        .failed { color: red; }
        .skipped { color: orange; }
        table { border-collapse: collapse; width: 100%; margin: 20px 0; }
        th, td { border: 1px solid #ddd; padding: 8px; text-align: left; }
        th { background-color: #4CAF50; color: white; }
        tr:nth-child(even) { background-color: #f2f2f2; }
    </style>
</head>
<body>
    <h1>DemoBlaze Test Execution Report</h1>
    
    <div class="summary">
        <h2>Test Summary</h2>
        <p><strong>Total Tests:</strong> 15</p>
        <p class="passed"><strong>Passed:</strong> 12</p>
        <p class="failed"><strong>Failed:</strong> 2</p>
        <p class="skipped"><strong>Skipped:</strong> 1</p>
        <p><strong>Pass Rate:</strong> 80%</p>
        <p><strong>Execution Date:</strong> 2025-12-11 10:30:00</p>
        <p><strong>Duration:</strong> 2m 45s</p>
    </div>
    
    <h2>Test Results</h2>
    <table>
        <tr>
            <th>Test Name</th>
            <th>Status</th>
            <th>Duration</th>
            <th>Details</th>
        </tr>
        <tr>
            <td>test_smoke.py::TestSmoke::test_homepage_loads</td>
            <td class="passed">PASSED</td>
            <td>3.2s</td>
            <td>Homepage loaded successfully</td>
        </tr>
        <tr>
            <td>test_smoke.py::TestSmoke::test_category_navigation</td>
            <td class="passed">PASSED</td>
            <td>4.5s</td>
            <td>Category navigation works correctly</td>
        </tr>
        <tr>
            <td>test_smoke.py::TestSmoke::test_product_listing</td>
            <td class="passed">PASSED</td>
            <td>2.8s</td>
            <td>Product list displayed correctly</td>
        </tr>
        <tr>
            <td>test_smoke.py::TestSmoke::test_product_detail_view</td>
            <td class="passed">PASSED</td>
            <td>3.1s</td>
            <td>Product details displayed correctly</td>
        </tr>
        <tr>
            <td>test_smoke.py::TestSmoke::test_add_to_cart_smoke</td>
            <td class="passed">PASSED</td>
            <td>4.2s</td>
            <td>Add to cart works correctly</td>
        </tr>
        <tr>
            <td>test_login_signup.py::TestLoginSignup::test_signup_modal_opens</td>
            <td class="passed">PASSED</td>
            <td>2.1s</td>
            <td>Signup modal opens correctly</td>
        </tr>
        <tr>
            <td>test_login_signup.py::TestLoginSignup::test_user_signup</td>
            <td class="passed">PASSED</td>
            <td>5.3s</td>
            <td>User registration successful</td>
        </tr>
        <tr>
            <td>test_login_signup.py::TestLoginSignup::test_login_modal_opens</td>
            <td class="passed">PASSED</td>
            <td>1.9s</td>
            <td>Login modal opens correctly</td>
        </tr>
        <tr>
            <td>test_login_signup.py::TestLoginSignup::test_user_login</td>
            <td class="skipped">SKIPPED</td>
            <td>0.1s</td>
            <td>Requires existing user account</td>
        </tr>
        <tr>
            <td>test_checkout_flow.py::TestCheckoutFlow::test_add_to_cart</td>
            <td class="passed">PASSED</td>
            <td>4.8s</td>
            <td>Add to cart works correctly</td>
        </tr>
        <tr>
            <td>test_checkout_flow.py::TestCheckoutFlow::test_view_cart</td>
            <td class="passed">PASSED</td>
            <td>3.5s</td>
            <td>Cart view works correctly</td>
        </tr>
        <tr>
            <td>test_checkout_flow.py::TestCheckoutFlow::test_remove_from_cart</td>
            <td class="passed">PASSED</td>
            <td>5.2s</td>
            <td>Remove from cart works correctly</td>
        </tr>
        <tr>
            <td>test_checkout_flow.py::TestCheckoutFlow::test_cart_total_calculation</td>
            <td class="failed">FAILED</td>
            <td>6.1s</td>
            <td>AssertionError: Cart total calculation is incorrect</td>
        </tr>
        <tr>
            <td>test_checkout_flow.py::TestCheckoutFlow::test_place_order</td>
            <td class="passed">PASSED</td>
            <td>8.4s</td>
            <td>Order placement works correctly</td>
        </tr>
        <tr>
            <td>test_checkout_flow.py::TestCheckoutFlow::test_order_form_validation</td>
            <td class="failed">FAILED</td>
            <td>4.7s</td>
            <td>TimeoutException: Order modal not displayed</td>
        </tr>
    </table>
    
    <h2>Defect Summary</h2>
    <table>
        <tr>
            <th>Severity</th>
            <th>Count</th>
        </tr>
        <tr>
            <td>High</td>
            <td>2</td>
        </tr>
        <tr>
            <td>Medium</td>
            <td>0</td>
        </tr>
        <tr>
            <td>Low</td>
            <td>0</td>
        </tr>
    </table>
    
    <h2>Notes</h2>
    <p>This is a sample HTML report. Actual pytest-html reports will include more detailed information, screenshots, and full stack traces for failures.</p>
    
    <p><strong>Report Generated By:</strong> pytest-html</p>
    <p><strong>Framework:</strong> Selenium WebDriver + pytest</p>
</body>
</html>

